<?xml version="1.0" encoding="UTF-8"?>
<testng-results skipped="0" failed="0" ignored="0" total="1" passed="1">
  <reporter-output>
  </reporter-output>
  <suite name="Command line suite" duration-ms="15126" started-at="2023-04-16T16:50:37 EDT" finished-at="2023-04-16T16:50:52 EDT">
    <groups>
    </groups>
    <test name="Command line test" duration-ms="15126" started-at="2023-04-16T16:50:37 EDT" finished-at="2023-04-16T16:50:52 EDT">
      <class name="com.codenbox.practice1.LandingPageTest">
        <test-method status="PASS" signature="initialize()[pri:0, instance:com.codenbox.practice1.LandingPageTest@5442a311]" name="initialize" is-config="true" duration-ms="11108" started-at="2023-04-16T16:50:37 EDT" finished-at="2023-04-16T16:50:48 EDT">
          <reporter-output>
          </reporter-output>
        </test-method> <!-- initialize -->
        <test-method status="PASS" signature="landingPagePracticeLink()[pri:0, instance:com.codenbox.practice1.LandingPageTest@5442a311]" name="landingPagePracticeLink" duration-ms="3901" started-at="2023-04-16T16:50:48 EDT" finished-at="2023-04-16T16:50:52 EDT">
          <reporter-output>
          </reporter-output>
        </test-method> <!-- landingPagePracticeLink -->
        <test-method status="PASS" signature="tearDown()[pri:0, instance:com.codenbox.practice1.LandingPageTest@5442a311]" name="tearDown" is-config="true" duration-ms="94" started-at="2023-04-16T16:50:52 EDT" finished-at="2023-04-16T16:50:52 EDT">
          <reporter-output>
          </reporter-output>
        </test-method> <!-- tearDown -->
      </class> <!-- com.codenbox.practice1.LandingPageTest -->
    </test> <!-- Command line test -->
  </suite> <!-- Command line suite -->
</testng-results>
